
  .   ____          _            __ _ _
 /\\ / ___'_ __ _ _(_)_ __  __ _ \ \ \ \
( ( )\___ | '_ | '_| | '_ \/ _` | \ \ \ \
 \\/  ___)| |_)| | | | | || (_| |  ) ) ) )
  '  |____| .__|_| |_|_| |_\__, | / / / /
 =========|_|==============|___/=/_/_/_/
 :: Spring Boot ::               (v2.7.12)

2026-01-02 17:05:34.149  INFO 68651 --- [           main] com.example.carrental.Application        : Starting Application v0.0.1-SNAPSHOT using Java 25.0.1 on Dandas-MacBook-Air.local with PID 68651 (/Users/adithyadanda/Desktop/car rental system/backend/target/car-rental-backend-0.0.1-SNAPSHOT.jar started by adithyadanda in /Users/adithyadanda/Desktop/car rental system/backend)
2026-01-02 17:05:34.150  INFO 68651 --- [           main] com.example.carrental.Application        : No active profile set, falling back to 1 default profile: "default"
2026-01-02 17:05:34.421  INFO 68651 --- [           main] .s.d.r.c.RepositoryConfigurationDelegate : Bootstrapping Spring Data JPA repositories in DEFAULT mode.
2026-01-02 17:05:34.446  INFO 68651 --- [           main] .s.d.r.c.RepositoryConfigurationDelegate : Finished Spring Data repository scanning in 19 ms. Found 3 JPA repository interfaces.
WARNING: A restricted method in java.lang.System has been called
WARNING: java.lang.System::load has been called by org.apache.tomcat.jni.Library in an unnamed module (jar:file:/Users/adithyadanda/Desktop/car%20rental%20system/backend/target/car-rental-backend-0.0.1-SNAPSHOT.jar!/BOOT-INF/lib/tomcat-embed-core-9.0.75.jar!/)
WARNING: Use --enable-native-access=ALL-UNNAMED to avoid a warning for callers in this module
WARNING: Restricted methods will be blocked in a future release unless native access is enabled

2026-01-02 17:05:34.668  INFO 68651 --- [           main] o.s.b.w.embedded.tomcat.TomcatWebServer  : Tomcat initialized with port(s): 8080 (http)
2026-01-02 17:05:34.672  INFO 68651 --- [           main] o.apache.catalina.core.StandardService   : Starting service [Tomcat]
2026-01-02 17:05:34.672  INFO 68651 --- [           main] org.apache.catalina.core.StandardEngine  : Starting Servlet engine: [Apache Tomcat/9.0.75]
2026-01-02 17:05:34.696  INFO 68651 --- [           main] o.a.c.c.C.[Tomcat].[localhost].[/]       : Initializing Spring embedded WebApplicationContext
2026-01-02 17:05:34.697  INFO 68651 --- [           main] w.s.c.ServletWebServerApplicationContext : Root WebApplicationContext: initialization completed in 526 ms
2026-01-02 17:05:34.706  INFO 68651 --- [           main] com.zaxxer.hikari.HikariDataSource       : HikariPool-1 - Starting...
2026-01-02 17:05:34.805  INFO 68651 --- [           main] com.zaxxer.hikari.HikariDataSource       : HikariPool-1 - Start completed.
2026-01-02 17:05:34.811  INFO 68651 --- [           main] o.s.b.a.h2.H2ConsoleAutoConfiguration    : H2 console available at '/h2-console'. Database available at 'jdbc:h2:mem:db'
2026-01-02 17:05:34.867  INFO 68651 --- [           main] o.hibernate.jpa.internal.util.LogHelper  : HHH000204: Processing PersistenceUnitInfo [name: default]
2026-01-02 17:05:34.893  INFO 68651 --- [           main] org.hibernate.Version                    : HHH000412: Hibernate ORM core version 5.6.15.Final
2026-01-02 17:05:34.951  INFO 68651 --- [           main] o.hibernate.annotations.common.Version   : HCANN000001: Hibernate Commons Annotations {5.1.2.Final}
2026-01-02 17:05:34.993  INFO 68651 --- [           main] org.hibernate.dialect.Dialect            : HHH000400: Using dialect: org.hibernate.dialect.H2Dialect
2026-01-02 17:05:35.249  INFO 68651 --- [           main] o.h.e.t.j.p.i.JtaPlatformInitiator       : HHH000490: Using JtaPlatform implementation: [org.hibernate.engine.transaction.jta.platform.internal.NoJtaPlatform]
2026-01-02 17:05:35.252  INFO 68651 --- [           main] j.LocalContainerEntityManagerFactoryBean : Initialized JPA EntityManagerFactory for persistence unit 'default'
2026-01-02 17:05:35.431  WARN 68651 --- [           main] .s.s.UserDetailsServiceAutoConfiguration : 

Using generated security password: ee77b53b-6235-4284-b3f7-bb1b81602435

This generated password is for development use only. Your security configuration must be updated before running your application in production.

2026-01-02 17:05:35.493  INFO 68651 --- [           main] o.s.s.web.DefaultSecurityFilterChain     : Will secure any request with [org.springframework.security.web.session.DisableEncodeUrlFilter@79d06bbd, org.springframework.security.web.context.request.async.WebAsyncManagerIntegrationFilter@47a7a101, org.springframework.security.web.context.SecurityContextPersistenceFilter@7be71476, org.springframework.security.web.header.HeaderWriterFilter@f08fdce, org.springframework.security.web.authentication.logout.LogoutFilter@40712ee9, com.example.carrental.security.JwtFilter@8692d67, org.springframework.security.web.savedrequest.RequestCacheAwareFilter@17b6d426, org.springframework.security.web.servletapi.SecurityContextHolderAwareRequestFilter@5580d62f, org.springframework.security.web.authentication.AnonymousAuthenticationFilter@5bb51241, org.springframework.security.web.session.SessionManagementFilter@5c1f6d57, org.springframework.security.web.access.ExceptionTranslationFilter@77d680e6, org.springframework.security.web.access.intercept.FilterSecurityInterceptor@74294c1a]
2026-01-02 17:05:35.514  WARN 68651 --- [           main] JpaBaseConfiguration$JpaWebConfiguration : spring.jpa.open-in-view is enabled by default. Therefore, database queries may be performed during view rendering. Explicitly configure spring.jpa.open-in-view to disable this warning
2026-01-02 17:05:35.646  INFO 68651 --- [           main] o.s.b.w.embedded.tomcat.TomcatWebServer  : Tomcat started on port(s): 8080 (http) with context path ''
2026-01-02 17:05:35.650  INFO 68651 --- [           main] com.example.carrental.Application        : Started Application in 1.657 seconds (JVM running for 1.82)
2026-01-02 17:05:44.585  INFO 68651 --- [nio-8080-exec-1] o.a.c.c.C.[Tomcat].[localhost].[/]       : Initializing Spring DispatcherServlet 'dispatcherServlet'
2026-01-02 17:05:44.585  INFO 68651 --- [nio-8080-exec-1] o.s.web.servlet.DispatcherServlet        : Initializing Servlet 'dispatcherServlet'
2026-01-02 17:05:44.585  INFO 68651 --- [nio-8080-exec-1] o.s.web.servlet.DispatcherServlet        : Completed initialization in 0 ms
